c:\users\attimonthenri\source\repos\projet3dcuda\projet3dcuda\x64\release\vc142.pdb
c:\users\attimonthenri\source\repos\projet3dcuda\projet3dcuda\x64\release\vector3d.obj
c:\users\attimonthenri\source\repos\projet3dcuda\projet3dcuda\x64\release\sphere.obj
c:\users\attimonthenri\source\repos\projet3dcuda\projet3dcuda\x64\release\open_obj_files.obj
c:\users\attimonthenri\source\repos\projet3dcuda\projet3dcuda\x64\release\interactions_win32.obj
c:\users\attimonthenri\source\repos\projet3dcuda\projet3dcuda\x64\release\gestiondefenetrewin32.obj
c:\users\attimonthenri\source\repos\projet3dcuda\projet3dcuda\x64\release\cameras.obj
c:\users\attimonthenri\source\repos\projet3dcuda\x64\release\projet3dcuda.exe
c:\users\attimonthenri\source\repos\projet3dcuda\x64\release\projet3dcuda.pdb
c:\users\attimonthenri\source\repos\projet3dcuda\x64\release\projet3dcuda.lib
c:\users\attimonthenri\source\repos\projet3dcuda\x64\release\projet3dcuda.exp
c:\users\attimonthenri\source\repos\projet3dcuda\x64\release\projet3dcuda.ipdb
c:\users\attimonthenri\source\repos\projet3dcuda\x64\release\projet3dcuda.iobj
c:\users\attimonthenri\source\repos\projet3dcuda\projet3dcuda\x64\release\camera_cuda.cu.cache
c:\users\attimonthenri\source\repos\projet3dcuda\projet3dcuda\x64\release\vec3.cu.cache
c:\users\attimonthenri\source\repos\projet3dcuda\projet3dcuda\x64\release\camera_cuda.cu.obj
c:\users\attimonthenri\source\repos\projet3dcuda\projet3dcuda\x64\release\projet3dcuda.device-link.obj
c:\users\attimonthenri\source\repos\projet3dcuda\projet3dcuda\x64\release\vec3.cu.obj
c:\users\attimonthenri\source\repos\projet3dcuda\projet3dcuda\x64\release\projet3dcuda.tlog\cl.command.1.tlog
c:\users\attimonthenri\source\repos\projet3dcuda\projet3dcuda\x64\release\projet3dcuda.tlog\cl.read.1.tlog
c:\users\attimonthenri\source\repos\projet3dcuda\projet3dcuda\x64\release\projet3dcuda.tlog\cl.write.1.tlog
c:\users\attimonthenri\source\repos\projet3dcuda\projet3dcuda\x64\release\projet3dcuda.tlog\cudacompile.read.1u.tlog
c:\users\attimonthenri\source\repos\projet3dcuda\projet3dcuda\x64\release\projet3dcuda.tlog\cudacompile.write.1u.tlog
c:\users\attimonthenri\source\repos\projet3dcuda\projet3dcuda\x64\release\projet3dcuda.tlog\link.command.1.tlog
c:\users\attimonthenri\source\repos\projet3dcuda\projet3dcuda\x64\release\projet3dcuda.tlog\link.read.1.tlog
c:\users\attimonthenri\source\repos\projet3dcuda\projet3dcuda\x64\release\projet3dcuda.tlog\link.write.1.tlog
c:\users\attimonthenri\source\repos\projet3dcuda\projet3dcuda\x64\release\projet3dcuda.tlog\projet3dcuda.write.1u.tlog
